[00:43:14] [ServerMain/INFO]: Environment: Environment[sessionHost=https://sessionserver.mojang.com, servicesHost=https://api.minecraftservices.com, name=PROD]
[00:43:16] [ServerMain/INFO]: Loaded 1407 recipes
[00:43:16] [ServerMain/INFO]: Loaded 1520 advancements
[00:43:16] [Server thread/INFO]: Starting minecraft server version 1.21.8
[00:43:16] [Server thread/INFO]: Loading properties
[00:43:16] [Server thread/INFO]: Default game type: SURVIVAL
[00:43:16] [Server thread/INFO]: Generating keypair
[00:43:16] [Server thread/INFO]: Starting Minecraft server on *:25565
[00:43:16] [Server thread/INFO]: Using epoll channel type
[00:43:16] [Server thread/WARN]: **** SERVER IS RUNNING IN OFFLINE/INSECURE MODE!
[00:43:16] [Server thread/WARN]: The server will make no attempt to authenticate usernames. Beware.
[00:43:16] [Server thread/WARN]: While this makes the game possible to play without internet access, it also opens up the ability for hackers to connect with any username they choose.
[00:43:16] [Server thread/WARN]: To change this, set "online-mode" to "true" in the server.properties file.
[00:43:16] [Server thread/INFO]: Preparing level "world"
[00:43:17] [Server thread/INFO]: Preparing start region for dimension minecraft:overworld
[00:43:19] [Worker-Main-3/INFO]: Preparing spawn area: 0%
[00:43:19] [Worker-Main-3/INFO]: Preparing spawn area: 0%
[00:43:19] [Worker-Main-3/INFO]: Preparing spawn area: 0%
[00:43:19] [Worker-Main-3/INFO]: Preparing spawn area: 0%
[00:43:19] [Worker-Main-3/INFO]: Preparing spawn area: 0%
[00:43:19] [Worker-Main-3/INFO]: Preparing spawn area: 0%
[00:43:19] [Server thread/INFO]: Time elapsed: 2602 ms
[00:43:19] [Server thread/INFO]: Done (2.957s)! For help, type "help"
[00:44:19] [Server thread/INFO]: Server empty for 60 seconds, pausing
[00:47:47] [Server thread/INFO]: AVich0[/127.177.104.75:39147] logged in with entity id 1 at (-195.51668381755258, 64.0, 293.2777414697182)
[00:47:47] [Server thread/INFO]: AVich0 joined the game
